<?xml version="1.0" encoding="UTF-8"?>
<testsuite name="hello.springtx.propagation.BasicTxTest" tests="1" skipped="0" failures="0" errors="0" timestamp="2025-01-15T10:30:30" hostname="iseunghaui-MacBookPro.local" time="0.698">
  <properties/>
  <testcase name="double_commit_rollback()" classname="hello.springtx.propagation.BasicTxTest" time="0.698"/>
  <system-out><![CDATA[19:30:25.029 [Test worker] INFO org.springframework.boot.test.context.SpringBootTestContextBootstrapper -- Found @SpringBootConfiguration hello.springtx.SpringtxApplication for test class hello.springtx.propagation.BasicTxTest

  .   ____          _            __ _ _
 /\\ / ___'_ __ _ _(_)_ __  __ _ \ \ \ \
( ( )\___ | '_ | '_| | '_ \/ _` | \ \ \ \
 \\/  ___)| |_)| | | | | || (_| |  ) ) ) )
  '  |____| .__|_| |_|_| |_\__, | / / / /
 =========|_|==============|___/=/_/_/_/

 :: Spring Boot ::                (v3.4.1)

2025-01-15T19:30:25.804+09:00  INFO 99253 --- [springtx] [    Test worker] hello.springtx.propagation.BasicTxTest   : Starting BasicTxTest using Java 17.0.3 with PID 99253 (started by seungha in /Users/seungha/Desktop/my/sprint-transaction)
2025-01-15T19:30:25.806+09:00  INFO 99253 --- [springtx] [    Test worker] hello.springtx.propagation.BasicTxTest   : No active profile set, falling back to 1 default profile: "default"
2025-01-15T19:30:26.545+09:00  INFO 99253 --- [springtx] [    Test worker] .s.d.r.c.RepositoryConfigurationDelegate : Bootstrapping Spring Data JPA repositories in DEFAULT mode.
2025-01-15T19:30:26.626+09:00  INFO 99253 --- [springtx] [    Test worker] .s.d.r.c.RepositoryConfigurationDelegate : Finished Spring Data repository scanning in 65 ms. Found 1 JPA repository interface.
2025-01-15T19:30:27.520+09:00  INFO 99253 --- [springtx] [    Test worker] com.zaxxer.hikari.HikariDataSource       : HikariPool-1 - Starting...
2025-01-15T19:30:27.729+09:00  INFO 99253 --- [springtx] [    Test worker] com.zaxxer.hikari.pool.HikariPool        : HikariPool-1 - Added connection conn0: url=jdbc:h2:mem:eb3cf8d6-6398-4bd0-9fb7-b3d16fca2770 user=SA
2025-01-15T19:30:27.733+09:00  INFO 99253 --- [springtx] [    Test worker] com.zaxxer.hikari.HikariDataSource       : HikariPool-1 - Start completed.
2025-01-15T19:30:27.915+09:00  INFO 99253 --- [springtx] [    Test worker] o.hibernate.jpa.internal.util.LogHelper  : HHH000204: Processing PersistenceUnitInfo [name: default]
2025-01-15T19:30:27.974+09:00  INFO 99253 --- [springtx] [    Test worker] org.hibernate.Version                    : HHH000412: Hibernate ORM core version 6.6.4.Final
2025-01-15T19:30:28.031+09:00  INFO 99253 --- [springtx] [    Test worker] o.h.c.internal.RegionFactoryInitiator    : HHH000026: Second-level cache disabled
2025-01-15T19:30:28.362+09:00  INFO 99253 --- [springtx] [    Test worker] o.s.o.j.p.SpringPersistenceUnitInfo      : No LoadTimeWeaver setup: ignoring JPA class transformer
2025-01-15T19:30:28.541+09:00  INFO 99253 --- [springtx] [    Test worker] org.hibernate.orm.connections.pooling    : HHH10001005: Database info:
	Database JDBC URL [Connecting through datasource 'HikariDataSource (HikariPool-1)']
	Database driver: undefined/unknown
	Database version: 2.3.232
	Autocommit mode: undefined/unknown
	Isolation level: undefined/unknown
	Minimum pool size: undefined/unknown
	Maximum pool size: undefined/unknown
2025-01-15T19:30:29.258+09:00 DEBUG 99253 --- [springtx] [    Test worker] org.hibernate.SQL                        : create global temporary table HTE_orders(rn_ integer not null, id bigint, pay_status varchar(255), username varchar(255), primary key (rn_)) TRANSACTIONAL
2025-01-15T19:30:29.386+09:00  INFO 99253 --- [springtx] [    Test worker] o.h.e.t.j.p.i.JtaPlatformInitiator       : HHH000489: No JTA platform available (set 'hibernate.transaction.jta.platform' to enable JTA platform integration)
2025-01-15T19:30:29.402+09:00 DEBUG 99253 --- [springtx] [    Test worker] org.hibernate.SQL                        : drop table if exists orders cascade 
2025-01-15T19:30:29.402+09:00 DEBUG 99253 --- [springtx] [    Test worker] org.hibernate.SQL                        : drop sequence if exists orders_seq
2025-01-15T19:30:29.410+09:00 DEBUG 99253 --- [springtx] [    Test worker] org.hibernate.SQL                        : create sequence orders_seq start with 1 increment by 50
2025-01-15T19:30:29.415+09:00 DEBUG 99253 --- [springtx] [    Test worker] org.hibernate.SQL                        : create table orders (id bigint not null, pay_status varchar(255), username varchar(255), primary key (id))
2025-01-15T19:30:29.422+09:00  INFO 99253 --- [springtx] [    Test worker] j.LocalContainerEntityManagerFactoryBean : Initialized JPA EntityManagerFactory for persistence unit 'default'
2025-01-15T19:30:30.031+09:00  INFO 99253 --- [springtx] [    Test worker] hello.springtx.propagation.BasicTxTest   : Started BasicTxTest in 4.791 seconds (process running for 6.502)
2025-01-15T19:30:30.695+09:00  INFO 99253 --- [springtx] [    Test worker] hello.springtx.propagation.BasicTxTest   : 트랜잭션1 시작
2025-01-15T19:30:30.698+09:00 DEBUG 99253 --- [springtx] [    Test worker] o.s.j.d.DataSourceTransactionManager     : Creating new transaction with name [null]: PROPAGATION_REQUIRED,ISOLATION_DEFAULT
2025-01-15T19:30:30.706+09:00 DEBUG 99253 --- [springtx] [    Test worker] o.s.j.d.DataSourceTransactionManager     : Acquired Connection [HikariProxyConnection@873546358 wrapping conn0: url=jdbc:h2:mem:eb3cf8d6-6398-4bd0-9fb7-b3d16fca2770 user=SA] for JDBC transaction
2025-01-15T19:30:30.709+09:00 DEBUG 99253 --- [springtx] [    Test worker] o.s.j.d.DataSourceTransactionManager     : Switching JDBC Connection [HikariProxyConnection@873546358 wrapping conn0: url=jdbc:h2:mem:eb3cf8d6-6398-4bd0-9fb7-b3d16fca2770 user=SA] to manual commit
2025-01-15T19:30:30.711+09:00  INFO 99253 --- [springtx] [    Test worker] hello.springtx.propagation.BasicTxTest   : 트랜잭션1 커밋
2025-01-15T19:30:30.713+09:00 DEBUG 99253 --- [springtx] [    Test worker] o.s.j.d.DataSourceTransactionManager     : Initiating transaction commit
2025-01-15T19:30:30.715+09:00 DEBUG 99253 --- [springtx] [    Test worker] o.s.j.d.DataSourceTransactionManager     : Committing JDBC transaction on Connection [HikariProxyConnection@873546358 wrapping conn0: url=jdbc:h2:mem:eb3cf8d6-6398-4bd0-9fb7-b3d16fca2770 user=SA]
2025-01-15T19:30:30.717+09:00 DEBUG 99253 --- [springtx] [    Test worker] o.s.j.d.DataSourceTransactionManager     : Releasing JDBC Connection [HikariProxyConnection@873546358 wrapping conn0: url=jdbc:h2:mem:eb3cf8d6-6398-4bd0-9fb7-b3d16fca2770 user=SA] after transaction
2025-01-15T19:30:30.717+09:00  INFO 99253 --- [springtx] [    Test worker] hello.springtx.propagation.BasicTxTest   : 트랜잭션2 시작
2025-01-15T19:30:30.717+09:00 DEBUG 99253 --- [springtx] [    Test worker] o.s.j.d.DataSourceTransactionManager     : Creating new transaction with name [null]: PROPAGATION_REQUIRED,ISOLATION_DEFAULT
2025-01-15T19:30:30.718+09:00 DEBUG 99253 --- [springtx] [    Test worker] o.s.j.d.DataSourceTransactionManager     : Acquired Connection [HikariProxyConnection@1279496038 wrapping conn0: url=jdbc:h2:mem:eb3cf8d6-6398-4bd0-9fb7-b3d16fca2770 user=SA] for JDBC transaction
2025-01-15T19:30:30.718+09:00 DEBUG 99253 --- [springtx] [    Test worker] o.s.j.d.DataSourceTransactionManager     : Switching JDBC Connection [HikariProxyConnection@1279496038 wrapping conn0: url=jdbc:h2:mem:eb3cf8d6-6398-4bd0-9fb7-b3d16fca2770 user=SA] to manual commit
2025-01-15T19:30:30.718+09:00  INFO 99253 --- [springtx] [    Test worker] hello.springtx.propagation.BasicTxTest   : 트랜잭션2 롤백
2025-01-15T19:30:30.718+09:00 DEBUG 99253 --- [springtx] [    Test worker] o.s.j.d.DataSourceTransactionManager     : Initiating transaction rollback
2025-01-15T19:30:30.718+09:00 DEBUG 99253 --- [springtx] [    Test worker] o.s.j.d.DataSourceTransactionManager     : Rolling back JDBC transaction on Connection [HikariProxyConnection@1279496038 wrapping conn0: url=jdbc:h2:mem:eb3cf8d6-6398-4bd0-9fb7-b3d16fca2770 user=SA]
2025-01-15T19:30:30.720+09:00 DEBUG 99253 --- [springtx] [    Test worker] o.s.j.d.DataSourceTransactionManager     : Releasing JDBC Connection [HikariProxyConnection@1279496038 wrapping conn0: url=jdbc:h2:mem:eb3cf8d6-6398-4bd0-9fb7-b3d16fca2770 user=SA] after transaction
]]></system-out>
  <system-err><![CDATA[]]></system-err>
</testsuite>
