<?xml version="1.0" encoding="UTF-8"?>
<testsuite name="hello.springtx.apply.TxBasicTest" tests="1" skipped="0" failures="0" errors="0" timestamp="2025-01-16T04:34:15" hostname="dep-MacBook-Pro.local" time="0.265">
  <properties/>
  <testcase name="inner_rollback_require_new()" classname="hello.springtx.apply.TxBasicTest" time="0.265"/>
  <system-out><![CDATA[13:34:14.110 [Test worker] INFO org.springframework.boot.test.context.SpringBootTestContextBootstrapper -- Found @SpringBootConfiguration hello.springtx.SpringtxApplication for test class hello.springtx.apply.TxBasicTest

  .   ____          _            __ _ _
 /\\ / ___'_ __ _ _(_)_ __  __ _ \ \ \ \
( ( )\___ | '_ | '_| | '_ \/ _` | \ \ \ \
 \\/  ___)| |_)| | | | | || (_| |  ) ) ) )
  '  |____| .__|_| |_|_| |_\__, | / / / /
 =========|_|==============|___/=/_/_/_/

 :: Spring Boot ::                (v3.4.1)

2025-01-16T13:34:14.265+09:00  INFO 17202 --- [springtx] [    Test worker] hello.springtx.apply.TxBasicTest         : Starting TxBasicTest using Java 17.0.12 with PID 17202 (started by dp in /Users/dp/Desktop/study/sprint-transaction)
2025-01-16T13:34:14.265+09:00  INFO 17202 --- [springtx] [    Test worker] hello.springtx.apply.TxBasicTest         : No active profile set, falling back to 1 default profile: "default"
2025-01-16T13:34:14.403+09:00  INFO 17202 --- [springtx] [    Test worker] .s.d.r.c.RepositoryConfigurationDelegate : Bootstrapping Spring Data JPA repositories in DEFAULT mode.
2025-01-16T13:34:14.423+09:00  INFO 17202 --- [springtx] [    Test worker] .s.d.r.c.RepositoryConfigurationDelegate : Finished Spring Data repository scanning in 17 ms. Found 1 JPA repository interface.
2025-01-16T13:34:14.551+09:00  INFO 17202 --- [springtx] [    Test worker] com.zaxxer.hikari.HikariDataSource       : HikariPool-1 - Starting...
2025-01-16T13:34:14.616+09:00  INFO 17202 --- [springtx] [    Test worker] com.zaxxer.hikari.pool.HikariPool        : HikariPool-1 - Added connection conn0: url=jdbc:h2:mem:25413e11-31a8-4cfb-b0fd-3ebc4c27a20e user=SA
2025-01-16T13:34:14.617+09:00  INFO 17202 --- [springtx] [    Test worker] com.zaxxer.hikari.HikariDataSource       : HikariPool-1 - Start completed.
2025-01-16T13:34:14.652+09:00  INFO 17202 --- [springtx] [    Test worker] o.hibernate.jpa.internal.util.LogHelper  : HHH000204: Processing PersistenceUnitInfo [name: default]
2025-01-16T13:34:14.670+09:00  INFO 17202 --- [springtx] [    Test worker] org.hibernate.Version                    : HHH000412: Hibernate ORM core version 6.6.4.Final
2025-01-16T13:34:14.683+09:00  INFO 17202 --- [springtx] [    Test worker] o.h.c.internal.RegionFactoryInitiator    : HHH000026: Second-level cache disabled
2025-01-16T13:34:14.778+09:00  INFO 17202 --- [springtx] [    Test worker] o.s.o.j.p.SpringPersistenceUnitInfo      : No LoadTimeWeaver setup: ignoring JPA class transformer
2025-01-16T13:34:14.805+09:00  INFO 17202 --- [springtx] [    Test worker] org.hibernate.orm.connections.pooling    : HHH10001005: Database info:
	Database JDBC URL [Connecting through datasource 'HikariDataSource (HikariPool-1)']
	Database driver: undefined/unknown
	Database version: 2.3.232
	Autocommit mode: undefined/unknown
	Isolation level: undefined/unknown
	Minimum pool size: undefined/unknown
	Maximum pool size: undefined/unknown
2025-01-16T13:34:15.047+09:00 DEBUG 17202 --- [springtx] [    Test worker] org.hibernate.SQL                        : create global temporary table HTE_orders(rn_ integer not null, id bigint, pay_status varchar(255), username varchar(255), primary key (rn_)) TRANSACTIONAL
2025-01-16T13:34:15.085+09:00  INFO 17202 --- [springtx] [    Test worker] o.h.e.t.j.p.i.JtaPlatformInitiator       : HHH000489: No JTA platform available (set 'hibernate.transaction.jta.platform' to enable JTA platform integration)
2025-01-16T13:34:15.089+09:00 DEBUG 17202 --- [springtx] [    Test worker] org.hibernate.SQL                        : drop table if exists orders cascade 
2025-01-16T13:34:15.089+09:00 DEBUG 17202 --- [springtx] [    Test worker] org.hibernate.SQL                        : drop sequence if exists orders_seq
2025-01-16T13:34:15.091+09:00 DEBUG 17202 --- [springtx] [    Test worker] org.hibernate.SQL                        : create sequence orders_seq start with 1 increment by 50
2025-01-16T13:34:15.092+09:00 DEBUG 17202 --- [springtx] [    Test worker] org.hibernate.SQL                        : create table orders (id bigint not null, pay_status varchar(255), username varchar(255), primary key (id))
2025-01-16T13:34:15.094+09:00  INFO 17202 --- [springtx] [    Test worker] j.LocalContainerEntityManagerFactoryBean : Initialized JPA EntityManagerFactory for persistence unit 'default'
2025-01-16T13:34:15.220+09:00  INFO 17202 --- [springtx] [    Test worker] hello.springtx.apply.TxBasicTest         : Started TxBasicTest in 1.058 seconds (process running for 1.47)
2025-01-16T13:34:15.478+09:00  INFO 17202 --- [springtx] [    Test worker] hello.springtx.apply.TxBasicTest         : 외부 트랜잭션 시작
2025-01-16T13:34:15.479+09:00 DEBUG 17202 --- [springtx] [    Test worker] o.s.orm.jpa.JpaTransactionManager        : Creating new transaction with name [null]: PROPAGATION_REQUIRED,ISOLATION_DEFAULT
2025-01-16T13:34:15.479+09:00 DEBUG 17202 --- [springtx] [    Test worker] o.s.orm.jpa.JpaTransactionManager        : Opened new EntityManager [SessionImpl(27891346<open>)] for JPA transaction
2025-01-16T13:34:15.480+09:00 DEBUG 17202 --- [springtx] [    Test worker] o.s.orm.jpa.JpaTransactionManager        : Exposing JPA transaction as JDBC [org.springframework.orm.jpa.vendor.HibernateJpaDialect$HibernateConnectionHandle@4587f0f9]
2025-01-16T13:34:15.481+09:00  INFO 17202 --- [springtx] [    Test worker] hello.springtx.apply.TxBasicTest         : outer.isNewTransaction()=true
2025-01-16T13:34:15.481+09:00  INFO 17202 --- [springtx] [    Test worker] hello.springtx.apply.TxBasicTest         : 내부 트랜잭션 시작
2025-01-16T13:34:15.481+09:00 DEBUG 17202 --- [springtx] [    Test worker] o.s.orm.jpa.JpaTransactionManager        : Found thread-bound EntityManager [SessionImpl(27891346<open>)] for JPA transaction
2025-01-16T13:34:15.481+09:00 DEBUG 17202 --- [springtx] [    Test worker] o.s.orm.jpa.JpaTransactionManager        : Suspending current transaction, creating new transaction with name [null]
2025-01-16T13:34:15.481+09:00 DEBUG 17202 --- [springtx] [    Test worker] o.s.orm.jpa.JpaTransactionManager        : Opened new EntityManager [SessionImpl(1387567249<open>)] for JPA transaction
2025-01-16T13:34:15.482+09:00 DEBUG 17202 --- [springtx] [    Test worker] o.s.orm.jpa.JpaTransactionManager        : Exposing JPA transaction as JDBC [org.springframework.orm.jpa.vendor.HibernateJpaDialect$HibernateConnectionHandle@75973f7a]
2025-01-16T13:34:15.482+09:00  INFO 17202 --- [springtx] [    Test worker] hello.springtx.apply.TxBasicTest         : outer.isNewTransaction()=true
2025-01-16T13:34:15.482+09:00  INFO 17202 --- [springtx] [    Test worker] hello.springtx.apply.TxBasicTest         : 내부 트랜잭션 롤백
2025-01-16T13:34:15.482+09:00 DEBUG 17202 --- [springtx] [    Test worker] o.s.orm.jpa.JpaTransactionManager        : Initiating transaction rollback
2025-01-16T13:34:15.482+09:00 DEBUG 17202 --- [springtx] [    Test worker] o.s.orm.jpa.JpaTransactionManager        : Rolling back JPA transaction on EntityManager [SessionImpl(1387567249<open>)]
2025-01-16T13:34:15.483+09:00 DEBUG 17202 --- [springtx] [    Test worker] o.s.orm.jpa.JpaTransactionManager        : Closing JPA EntityManager [SessionImpl(1387567249<open>)] after transaction
2025-01-16T13:34:15.483+09:00 DEBUG 17202 --- [springtx] [    Test worker] o.s.orm.jpa.JpaTransactionManager        : Resuming suspended transaction after completion of inner transaction
2025-01-16T13:34:15.483+09:00  INFO 17202 --- [springtx] [    Test worker] hello.springtx.apply.TxBasicTest         : 외부 트랜잭션 커밋
2025-01-16T13:34:15.483+09:00 DEBUG 17202 --- [springtx] [    Test worker] o.s.orm.jpa.JpaTransactionManager        : Initiating transaction commit
2025-01-16T13:34:15.483+09:00 DEBUG 17202 --- [springtx] [    Test worker] o.s.orm.jpa.JpaTransactionManager        : Committing JPA transaction on EntityManager [SessionImpl(27891346<open>)]
2025-01-16T13:34:15.483+09:00 DEBUG 17202 --- [springtx] [    Test worker] o.s.orm.jpa.JpaTransactionManager        : Closing JPA EntityManager [SessionImpl(27891346<open>)] after transaction
]]></system-out>
  <system-err><![CDATA[]]></system-err>
</testsuite>
