<?xml version="1.0" encoding="UTF-8"?>
<testsuite name="hello.springtx.SpringtxApplicationTests" tests="1" skipped="0" failures="0" errors="0" timestamp="2025-01-14T01:54:27" hostname="dep-MacBook-Pro.local" time="0.306">
  <properties/>
  <testcase name="contextLoads()" classname="hello.springtx.SpringtxApplicationTests" time="0.306"/>
  <system-out><![CDATA[10:54:26.813 [Test worker] INFO org.springframework.test.context.support.AnnotationConfigContextLoaderUtils -- Could not detect default configuration classes for test class [hello.springtx.SpringtxApplicationTests]: SpringtxApplicationTests does not declare any static, non-private, non-final, nested classes annotated with @Configuration.
10:54:26.846 [Test worker] INFO org.springframework.boot.test.context.SpringBootTestContextBootstrapper -- Found @SpringBootConfiguration hello.springtx.SpringtxApplication for test class hello.springtx.SpringtxApplicationTests

  .   ____          _            __ _ _
 /\\ / ___'_ __ _ _(_)_ __  __ _ \ \ \ \
( ( )\___ | '_ | '_| | '_ \/ _` | \ \ \ \
 \\/  ___)| |_)| | | | | || (_| |  ) ) ) )
  '  |____| .__|_| |_|_| |_\__, | / / / /
 =========|_|==============|___/=/_/_/_/

 :: Spring Boot ::                (v3.4.1)

2025-01-14T10:54:26.984+09:00  INFO 43985 --- [springtx] [    Test worker] h.springtx.SpringtxApplicationTests      : Starting SpringtxApplicationTests using Java 17.0.12 with PID 43985 (started by dp in /Users/dp/Desktop/study/sprint-transaction)
2025-01-14T10:54:26.985+09:00  INFO 43985 --- [springtx] [    Test worker] h.springtx.SpringtxApplicationTests      : No active profile set, falling back to 1 default profile: "default"
2025-01-14T10:54:27.107+09:00  INFO 43985 --- [springtx] [    Test worker] .s.d.r.c.RepositoryConfigurationDelegate : Bootstrapping Spring Data JPA repositories in DEFAULT mode.
2025-01-14T10:54:27.115+09:00  INFO 43985 --- [springtx] [    Test worker] .s.d.r.c.RepositoryConfigurationDelegate : Finished Spring Data repository scanning in 4 ms. Found 0 JPA repository interfaces.
2025-01-14T10:54:27.217+09:00  INFO 43985 --- [springtx] [    Test worker] com.zaxxer.hikari.HikariDataSource       : HikariPool-1 - Starting...
2025-01-14T10:54:27.285+09:00  INFO 43985 --- [springtx] [    Test worker] com.zaxxer.hikari.pool.HikariPool        : HikariPool-1 - Added connection conn0: url=jdbc:h2:mem:b008d8c4-9fec-44c9-8323-fde847ff52fb user=SA
2025-01-14T10:54:27.286+09:00  INFO 43985 --- [springtx] [    Test worker] com.zaxxer.hikari.HikariDataSource       : HikariPool-1 - Start completed.
2025-01-14T10:54:27.307+09:00  INFO 43985 --- [springtx] [    Test worker] o.hibernate.jpa.internal.util.LogHelper  : HHH000204: Processing PersistenceUnitInfo [name: default]
2025-01-14T10:54:27.329+09:00  INFO 43985 --- [springtx] [    Test worker] org.hibernate.Version                    : HHH000412: Hibernate ORM core version 6.6.4.Final
2025-01-14T10:54:27.340+09:00  INFO 43985 --- [springtx] [    Test worker] o.h.c.internal.RegionFactoryInitiator    : HHH000026: Second-level cache disabled
2025-01-14T10:54:27.437+09:00  INFO 43985 --- [springtx] [    Test worker] o.s.o.j.p.SpringPersistenceUnitInfo      : No LoadTimeWeaver setup: ignoring JPA class transformer
2025-01-14T10:54:27.464+09:00  INFO 43985 --- [springtx] [    Test worker] org.hibernate.orm.connections.pooling    : HHH10001005: Database info:
	Database JDBC URL [Connecting through datasource 'HikariDataSource (HikariPool-1)']
	Database driver: undefined/unknown
	Database version: 2.3.232
	Autocommit mode: undefined/unknown
	Isolation level: undefined/unknown
	Minimum pool size: undefined/unknown
	Maximum pool size: undefined/unknown
2025-01-14T10:54:27.584+09:00  INFO 43985 --- [springtx] [    Test worker] o.h.e.t.j.p.i.JtaPlatformInitiator       : HHH000489: No JTA platform available (set 'hibernate.transaction.jta.platform' to enable JTA platform integration)
2025-01-14T10:54:27.585+09:00  INFO 43985 --- [springtx] [    Test worker] j.LocalContainerEntityManagerFactoryBean : Initialized JPA EntityManagerFactory for persistence unit 'default'
2025-01-14T10:54:27.646+09:00  INFO 43985 --- [springtx] [    Test worker] h.springtx.SpringtxApplicationTests      : Started SpringtxApplicationTests in 0.75 seconds (process running for 1.148)
]]></system-out>
  <system-err><![CDATA[]]></system-err>
</testsuite>
