<?xml version="1.0" encoding="UTF-8"?>
<testsuite name="hello.springtx.apply.InternalCallV1Test" tests="1" skipped="0" failures="0" errors="0" timestamp="2025-01-14T11:03:21" hostname="iseunghaui-MacBookPro.local" time="0.79">
  <properties/>
  <testcase name="externalCall()" classname="hello.springtx.apply.InternalCallV1Test" time="0.79"/>
  <system-out><![CDATA[20:03:18.000 [Test worker] INFO org.springframework.boot.test.context.SpringBootTestContextBootstrapper -- Found @SpringBootConfiguration hello.springtx.SpringtxApplication for test class hello.springtx.apply.InternalCallV1Test

  .   ____          _            __ _ _
 /\\ / ___'_ __ _ _(_)_ __  __ _ \ \ \ \
( ( )\___ | '_ | '_| | '_ \/ _` | \ \ \ \
 \\/  ___)| |_)| | | | | || (_| |  ) ) ) )
  '  |____| .__|_| |_|_| |_\__, | / / / /
 =========|_|==============|___/=/_/_/_/

 :: Spring Boot ::                (v3.4.1)

2025-01-14T20:03:18.729+09:00  INFO 65905 --- [springtx] [    Test worker] h.springtx.apply.InternalCallV1Test      : Starting InternalCallV1Test using Java 17.0.3 with PID 65905 (started by seungha in /Users/seungha/Desktop/my/sprint-transaction)
2025-01-14T20:03:18.731+09:00  INFO 65905 --- [springtx] [    Test worker] h.springtx.apply.InternalCallV1Test      : No active profile set, falling back to 1 default profile: "default"
2025-01-14T20:03:19.370+09:00  INFO 65905 --- [springtx] [    Test worker] .s.d.r.c.RepositoryConfigurationDelegate : Bootstrapping Spring Data JPA repositories in DEFAULT mode.
2025-01-14T20:03:19.404+09:00  INFO 65905 --- [springtx] [    Test worker] .s.d.r.c.RepositoryConfigurationDelegate : Finished Spring Data repository scanning in 16 ms. Found 0 JPA repository interfaces.
2025-01-14T20:03:20.195+09:00  INFO 65905 --- [springtx] [    Test worker] com.zaxxer.hikari.HikariDataSource       : HikariPool-1 - Starting...
2025-01-14T20:03:20.380+09:00  INFO 65905 --- [springtx] [    Test worker] com.zaxxer.hikari.pool.HikariPool        : HikariPool-1 - Added connection conn0: url=jdbc:h2:mem:54cf01f5-955f-4ebb-abb0-ef900d9de6dc user=SA
2025-01-14T20:03:20.383+09:00  INFO 65905 --- [springtx] [    Test worker] com.zaxxer.hikari.HikariDataSource       : HikariPool-1 - Start completed.
2025-01-14T20:03:20.555+09:00  INFO 65905 --- [springtx] [    Test worker] o.hibernate.jpa.internal.util.LogHelper  : HHH000204: Processing PersistenceUnitInfo [name: default]
2025-01-14T20:03:20.615+09:00  INFO 65905 --- [springtx] [    Test worker] org.hibernate.Version                    : HHH000412: Hibernate ORM core version 6.6.4.Final
2025-01-14T20:03:20.680+09:00  INFO 65905 --- [springtx] [    Test worker] o.h.c.internal.RegionFactoryInitiator    : HHH000026: Second-level cache disabled
2025-01-14T20:03:20.993+09:00  INFO 65905 --- [springtx] [    Test worker] o.s.o.j.p.SpringPersistenceUnitInfo      : No LoadTimeWeaver setup: ignoring JPA class transformer
2025-01-14T20:03:21.152+09:00  INFO 65905 --- [springtx] [    Test worker] org.hibernate.orm.connections.pooling    : HHH10001005: Database info:
	Database JDBC URL [Connecting through datasource 'HikariDataSource (HikariPool-1)']
	Database driver: undefined/unknown
	Database version: 2.3.232
	Autocommit mode: undefined/unknown
	Isolation level: undefined/unknown
	Minimum pool size: undefined/unknown
	Maximum pool size: undefined/unknown
2025-01-14T20:03:21.514+09:00  INFO 65905 --- [springtx] [    Test worker] o.h.e.t.j.p.i.JtaPlatformInitiator       : HHH000489: No JTA platform available (set 'hibernate.transaction.jta.platform' to enable JTA platform integration)
2025-01-14T20:03:21.520+09:00  INFO 65905 --- [springtx] [    Test worker] j.LocalContainerEntityManagerFactoryBean : Initialized JPA EntityManagerFactory for persistence unit 'default'
2025-01-14T20:03:21.916+09:00  INFO 65905 --- [springtx] [    Test worker] h.springtx.apply.InternalCallV1Test      : Started InternalCallV1Test in 3.718 seconds (process running for 5.393)
2025-01-14T20:03:22.698+09:00  INFO 65905 --- [springtx] [    Test worker] h.s.a.InternalCallV1Test$CallService     : call external
2025-01-14T20:03:22.698+09:00  INFO 65905 --- [springtx] [    Test worker] h.s.a.InternalCallV1Test$CallService     : tx active=false
2025-01-14T20:03:22.698+09:00  INFO 65905 --- [springtx] [    Test worker] h.s.a.InternalCallV1Test$CallService     : read only=false
2025-01-14T20:03:22.699+09:00  INFO 65905 --- [springtx] [    Test worker] h.s.a.InternalCallV1Test$CallService     : call internal
2025-01-14T20:03:22.699+09:00  INFO 65905 --- [springtx] [    Test worker] h.s.a.InternalCallV1Test$CallService     : tx active=false
2025-01-14T20:03:22.699+09:00  INFO 65905 --- [springtx] [    Test worker] h.s.a.InternalCallV1Test$CallService     : read only=false
]]></system-out>
  <system-err><![CDATA[]]></system-err>
</testsuite>
