<?xml version="1.0" encoding="UTF-8"?>
<testsuite name="hello.springtx.apply.TxBasicTest" tests="1" skipped="0" failures="0" errors="0" timestamp="2025-01-14T02:11:43" hostname="dep-MacBook-Pro.local" time="0.304">
  <properties/>
  <testcase name="txTest()" classname="hello.springtx.apply.TxBasicTest" time="0.304"/>
  <system-out><![CDATA[11:11:43.087 [Test worker] INFO org.springframework.boot.test.context.SpringBootTestContextBootstrapper -- Found @SpringBootConfiguration hello.springtx.SpringtxApplication for test class hello.springtx.apply.TxBasicTest

  .   ____          _            __ _ _
 /\\ / ___'_ __ _ _(_)_ __  __ _ \ \ \ \
( ( )\___ | '_ | '_| | '_ \/ _` | \ \ \ \
 \\/  ___)| |_)| | | | | || (_| |  ) ) ) )
  '  |____| .__|_| |_|_| |_\__, | / / / /
 =========|_|==============|___/=/_/_/_/

 :: Spring Boot ::                (v3.4.1)

2025-01-14T11:11:43.223+09:00  INFO 61061 --- [springtx] [    Test worker] hello.springtx.apply.TxBasicTest         : Starting TxBasicTest using Java 17.0.12 with PID 61061 (started by dp in /Users/dp/Desktop/study/sprint-transaction)
2025-01-14T11:11:43.224+09:00  INFO 61061 --- [springtx] [    Test worker] hello.springtx.apply.TxBasicTest         : No active profile set, falling back to 1 default profile: "default"
2025-01-14T11:11:43.348+09:00  INFO 61061 --- [springtx] [    Test worker] .s.d.r.c.RepositoryConfigurationDelegate : Bootstrapping Spring Data JPA repositories in DEFAULT mode.
2025-01-14T11:11:43.356+09:00  INFO 61061 --- [springtx] [    Test worker] .s.d.r.c.RepositoryConfigurationDelegate : Finished Spring Data repository scanning in 4 ms. Found 0 JPA repository interfaces.
2025-01-14T11:11:43.483+09:00  INFO 61061 --- [springtx] [    Test worker] com.zaxxer.hikari.HikariDataSource       : HikariPool-1 - Starting...
2025-01-14T11:11:43.550+09:00  INFO 61061 --- [springtx] [    Test worker] com.zaxxer.hikari.pool.HikariPool        : HikariPool-1 - Added connection conn0: url=jdbc:h2:mem:36174ccf-d967-4dc2-9f22-c9b40eb9dd7f user=SA
2025-01-14T11:11:43.551+09:00  INFO 61061 --- [springtx] [    Test worker] com.zaxxer.hikari.HikariDataSource       : HikariPool-1 - Start completed.
2025-01-14T11:11:43.576+09:00  INFO 61061 --- [springtx] [    Test worker] o.hibernate.jpa.internal.util.LogHelper  : HHH000204: Processing PersistenceUnitInfo [name: default]
2025-01-14T11:11:43.601+09:00  INFO 61061 --- [springtx] [    Test worker] org.hibernate.Version                    : HHH000412: Hibernate ORM core version 6.6.4.Final
2025-01-14T11:11:43.612+09:00  INFO 61061 --- [springtx] [    Test worker] o.h.c.internal.RegionFactoryInitiator    : HHH000026: Second-level cache disabled
2025-01-14T11:11:43.713+09:00  INFO 61061 --- [springtx] [    Test worker] o.s.o.j.p.SpringPersistenceUnitInfo      : No LoadTimeWeaver setup: ignoring JPA class transformer
2025-01-14T11:11:43.746+09:00  INFO 61061 --- [springtx] [    Test worker] org.hibernate.orm.connections.pooling    : HHH10001005: Database info:
	Database JDBC URL [Connecting through datasource 'HikariDataSource (HikariPool-1)']
	Database driver: undefined/unknown
	Database version: 2.3.232
	Autocommit mode: undefined/unknown
	Isolation level: undefined/unknown
	Minimum pool size: undefined/unknown
	Maximum pool size: undefined/unknown
2025-01-14T11:11:43.874+09:00  INFO 61061 --- [springtx] [    Test worker] o.h.e.t.j.p.i.JtaPlatformInitiator       : HHH000489: No JTA platform available (set 'hibernate.transaction.jta.platform' to enable JTA platform integration)
2025-01-14T11:11:43.876+09:00  INFO 61061 --- [springtx] [    Test worker] j.LocalContainerEntityManagerFactoryBean : Initialized JPA EntityManagerFactory for persistence unit 'default'
2025-01-14T11:11:43.952+09:00  INFO 61061 --- [springtx] [    Test worker] hello.springtx.apply.TxBasicTest         : Started TxBasicTest in 0.814 seconds (process running for 1.222)
2025-01-14T11:11:44.253+09:00  INFO 61061 --- [springtx] [    Test worker] hello.springtx.apply.TxBasicTest         : call tx
2025-01-14T11:11:44.253+09:00  INFO 61061 --- [springtx] [    Test worker] hello.springtx.apply.TxBasicTest         : tx active=true
2025-01-14T11:11:44.254+09:00  INFO 61061 --- [springtx] [    Test worker] hello.springtx.apply.TxBasicTest         : call non tx
2025-01-14T11:11:44.254+09:00  INFO 61061 --- [springtx] [    Test worker] hello.springtx.apply.TxBasicTest         : tx active=false
]]></system-out>
  <system-err><![CDATA[]]></system-err>
</testsuite>
