<?xml version="1.0" encoding="UTF-8"?>
<testsuite name="hello.springtx.apply.TxLevelTest" tests="1" skipped="0" failures="0" errors="0" timestamp="2025-01-14T02:31:50" hostname="dep-MacBook-Pro.local" time="0.321">
  <properties/>
  <testcase name="orderTest()" classname="hello.springtx.apply.TxLevelTest" time="0.321"/>
  <system-out><![CDATA[11:31:49.350 [Test worker] INFO org.springframework.boot.test.context.SpringBootTestContextBootstrapper -- Found @SpringBootConfiguration hello.springtx.SpringtxApplication for test class hello.springtx.apply.TxLevelTest

  .   ____          _            __ _ _
 /\\ / ___'_ __ _ _(_)_ __  __ _ \ \ \ \
( ( )\___ | '_ | '_| | '_ \/ _` | \ \ \ \
 \\/  ___)| |_)| | | | | || (_| |  ) ) ) )
  '  |____| .__|_| |_|_| |_\__, | / / / /
 =========|_|==============|___/=/_/_/_/

 :: Spring Boot ::                (v3.4.1)

2025-01-14T11:31:49.512+09:00  INFO 80719 --- [springtx] [    Test worker] hello.springtx.apply.TxLevelTest         : Starting TxLevelTest using Java 17.0.12 with PID 80719 (started by dp in /Users/dp/Desktop/study/sprint-transaction)
2025-01-14T11:31:49.512+09:00  INFO 80719 --- [springtx] [    Test worker] hello.springtx.apply.TxLevelTest         : No active profile set, falling back to 1 default profile: "default"
2025-01-14T11:31:49.655+09:00  INFO 80719 --- [springtx] [    Test worker] .s.d.r.c.RepositoryConfigurationDelegate : Bootstrapping Spring Data JPA repositories in DEFAULT mode.
2025-01-14T11:31:49.663+09:00  INFO 80719 --- [springtx] [    Test worker] .s.d.r.c.RepositoryConfigurationDelegate : Finished Spring Data repository scanning in 5 ms. Found 0 JPA repository interfaces.
2025-01-14T11:31:49.784+09:00  INFO 80719 --- [springtx] [    Test worker] com.zaxxer.hikari.HikariDataSource       : HikariPool-1 - Starting...
2025-01-14T11:31:49.859+09:00  INFO 80719 --- [springtx] [    Test worker] com.zaxxer.hikari.pool.HikariPool        : HikariPool-1 - Added connection conn0: url=jdbc:h2:mem:6eb5c426-45c8-4998-8fea-e729d2d2bfca user=SA
2025-01-14T11:31:49.860+09:00  INFO 80719 --- [springtx] [    Test worker] com.zaxxer.hikari.HikariDataSource       : HikariPool-1 - Start completed.
2025-01-14T11:31:49.888+09:00  INFO 80719 --- [springtx] [    Test worker] o.hibernate.jpa.internal.util.LogHelper  : HHH000204: Processing PersistenceUnitInfo [name: default]
2025-01-14T11:31:49.922+09:00  INFO 80719 --- [springtx] [    Test worker] org.hibernate.Version                    : HHH000412: Hibernate ORM core version 6.6.4.Final
2025-01-14T11:31:49.941+09:00  INFO 80719 --- [springtx] [    Test worker] o.h.c.internal.RegionFactoryInitiator    : HHH000026: Second-level cache disabled
2025-01-14T11:31:50.052+09:00  INFO 80719 --- [springtx] [    Test worker] o.s.o.j.p.SpringPersistenceUnitInfo      : No LoadTimeWeaver setup: ignoring JPA class transformer
2025-01-14T11:31:50.085+09:00  INFO 80719 --- [springtx] [    Test worker] org.hibernate.orm.connections.pooling    : HHH10001005: Database info:
	Database JDBC URL [Connecting through datasource 'HikariDataSource (HikariPool-1)']
	Database driver: undefined/unknown
	Database version: 2.3.232
	Autocommit mode: undefined/unknown
	Isolation level: undefined/unknown
	Minimum pool size: undefined/unknown
	Maximum pool size: undefined/unknown
2025-01-14T11:31:50.217+09:00  INFO 80719 --- [springtx] [    Test worker] o.h.e.t.j.p.i.JtaPlatformInitiator       : HHH000489: No JTA platform available (set 'hibernate.transaction.jta.platform' to enable JTA platform integration)
2025-01-14T11:31:50.219+09:00  INFO 80719 --- [springtx] [    Test worker] j.LocalContainerEntityManagerFactoryBean : Initialized JPA EntityManagerFactory for persistence unit 'default'
2025-01-14T11:31:50.295+09:00  INFO 80719 --- [springtx] [    Test worker] hello.springtx.apply.TxLevelTest         : Started TxLevelTest in 0.886 seconds (process running for 1.312)
2025-01-14T11:31:50.611+09:00 TRACE 80719 --- [springtx] [    Test worker] o.s.t.i.TransactionInterceptor           : Getting transaction for [hello.springtx.apply.TxLevelTest$LevelService.write]
2025-01-14T11:31:50.612+09:00  INFO 80719 --- [springtx] [    Test worker] h.s.apply.TxLevelTest$LevelService       : call write
2025-01-14T11:31:50.612+09:00  INFO 80719 --- [springtx] [    Test worker] h.s.apply.TxLevelTest$LevelService       : tx active=true
2025-01-14T11:31:50.612+09:00  INFO 80719 --- [springtx] [    Test worker] h.s.apply.TxLevelTest$LevelService       : read only=false
2025-01-14T11:31:50.612+09:00 TRACE 80719 --- [springtx] [    Test worker] o.s.t.i.TransactionInterceptor           : Completing transaction for [hello.springtx.apply.TxLevelTest$LevelService.write]
2025-01-14T11:31:50.613+09:00 TRACE 80719 --- [springtx] [    Test worker] o.s.t.i.TransactionInterceptor           : Getting transaction for [hello.springtx.apply.TxLevelTest$LevelService.read]
2025-01-14T11:31:50.613+09:00  INFO 80719 --- [springtx] [    Test worker] h.s.apply.TxLevelTest$LevelService       : call read
2025-01-14T11:31:50.613+09:00  INFO 80719 --- [springtx] [    Test worker] h.s.apply.TxLevelTest$LevelService       : tx active=true
2025-01-14T11:31:50.613+09:00  INFO 80719 --- [springtx] [    Test worker] h.s.apply.TxLevelTest$LevelService       : read only=true
2025-01-14T11:31:50.613+09:00 TRACE 80719 --- [springtx] [    Test worker] o.s.t.i.TransactionInterceptor           : Completing transaction for [hello.springtx.apply.TxLevelTest$LevelService.read]
]]></system-out>
  <system-err><![CDATA[]]></system-err>
</testsuite>
